********************************************************************************
DUPLICATOR-LITE PACKAGE-LOG: 2016-12-08 01:04:32
NOTICE: Do NOT post to public sites or forums 
********************************************************************************
VERSION:	1.1.24
WORDPRESS:	4.7
PHP INFO:	7.0.12 | SAPI: apache2handler
SERVER:		Apache/2.2.31 (Unix) mod_wsgi/3.5 Python/2.7.12 PHP/7.0.12 mod_ssl/2.2.31 OpenSSL/1.0.2j DAV/2 mod_fastcgi/2.4.6 mod_perl/2.0.9 Perl/v5.24.0 
PHP TIME LIMIT: (0) no time limit imposed 
PHP MAX MEMORY: 2048M (128M default) 
MEMORY STACK: 4MB 

********************************************************************************
DATABASE:
********************************************************************************
BUILD MODE:   PHP(query limit - 100)
MYSQLTIMEOUT: 5000
MYSQLDUMP:    Is Supported 
TABLES: total:13 | filtered:0 | create:13 
FILTERED: [] 
SQL CREATED: 20161208_ryanschweitzer_5848b14c81f344253161208010308_database.sql 
SQL FILE SIZE: 643.41KB (658853) 
SQL FILE TIME: 2016-12-08 01:04:32 
SQL RUNTIME: 0.10 sec. 

******************************************************************************** 
ARCHIVE (ZIP): 
******************************************************************************** 
ARCHIVE DIR:  /Users/Ryan1/Documents/1. Ryan/Website_resume_wordpress/wordpress 
ARCHIVE FILE: 20161208_ryanschweitzer_5848b14c81f344253161208010308_archive.zip 
FILTERS: *OFF* 
DIRS: not set 
EXTS:  not set 
---------------------------------------- 
COMPRESSING 
SIZE:	121.59MB 
STATS:	Dirs 740 | Files 5,918 
SQL ADDED: 20161208_ryanschweitzer_5848b14c81f344253161208010308_database.sql 
ZipArchive Object
(
    [status] => 0
    [statusSys] => 0
    [numFiles] => 6658
    [filename] => /Users/Ryan1/Documents/1. Ryan/Website_resume_wordpress/wordpress/wp-snapshots/tmp/20161208_ryanschweitzer_5848b14c81f344253161208010308_archive.zip
    [comment] => 
)
 
COMPRESSION RESULT: '1' 
COMPRESSED SIZE: 88.86MB 
ARCHIVE RUNTIME: 18.20 sec. 
MEMORY STACK: 6MB 

******************************************************************************** 
MAKE INSTALLER: 
******************************************************************************** 
Build Start 
Build Finished 
Preping for use 
Template parsed with new data 
Complete [/Users/Ryan1/Documents/1. Ryan/Website_resume_wordpress/wordpress/wp-snapshots/tmp/20161208_ryanschweitzer_5848b14c81f344253161208010308_installer.php] 
Added to archive 

******************************************************************************** 
INTEGRITY CHECKS: 
******************************************************************************** 
SQL File: 643.41KB 
Installer File: 352.05KB 
Archive File: 88.86MB  

********************************************************************************
RECORD ID:[1]
TOTAL PROCESS RUNTIME: 19.76 sec.
PEAK PHP MEMORY USED: 8MB
DONE PROCESSING => 20161208_ryanschweitzer 2016-12-08 01:04:52
 
